{"/Users/yuliia.resh/Documents/JS-tasks/JS-tasks/src/arrays/arrays.js": {"path":"/Users/yuliia.resh/Documents/JS-tasks/JS-tasks/src/arrays/arrays.js","statementMap":{"0":{"start":{"line":2,"column":2},"end":{"line":6,"column":3}},"1":{"start":{"line":3,"column":4},"end":{"line":5,"column":7}},"2":{"start":{"line":4,"column":6},"end":{"line":4,"column":19}},"3":{"start":{"line":7,"column":14},"end":{"line":12,"column":8}},"4":{"start":{"line":8,"column":4},"end":{"line":10,"column":5}},"5":{"start":{"line":9,"column":6},"end":{"line":9,"column":38}},"6":{"start":{"line":11,"column":4},"end":{"line":11,"column":15}},"7":{"start":{"line":14,"column":2},"end":{"line":14,"column":13}},"8":{"start":{"line":18,"column":14},"end":{"line":42,"column":4}},"9":{"start":{"line":19,"column":4},"end":{"line":41,"column":6}},"10":{"start":{"line":32,"column":12},"end":{"line":32,"column":34}},"11":{"start":{"line":37,"column":12},"end":{"line":37,"column":38}},"12":{"start":{"line":44,"column":2},"end":{"line":44,"column":13}},"13":{"start":{"line":48,"column":2},"end":{"line":52,"column":3}},"14":{"start":{"line":49,"column":4},"end":{"line":51,"column":7}},"15":{"start":{"line":50,"column":6},"end":{"line":50,"column":30}},"16":{"start":{"line":54,"column":2},"end":{"line":58,"column":3}},"17":{"start":{"line":55,"column":4},"end":{"line":57,"column":7}},"18":{"start":{"line":56,"column":6},"end":{"line":56,"column":43}},"19":{"start":{"line":59,"column":2},"end":{"line":63,"column":5}},"20":{"start":{"line":60,"column":4},"end":{"line":62,"column":6}},"21":{"start":{"line":67,"column":2},"end":{"line":71,"column":3}},"22":{"start":{"line":68,"column":4},"end":{"line":70,"column":7}},"23":{"start":{"line":69,"column":6},"end":{"line":69,"column":25}},"24":{"start":{"line":72,"column":2},"end":{"line":76,"column":3}},"25":{"start":{"line":73,"column":4},"end":{"line":75,"column":10}},"26":{"start":{"line":74,"column":6},"end":{"line":74,"column":37}},"27":{"start":{"line":77,"column":2},"end":{"line":81,"column":5}},"28":{"start":{"line":78,"column":4},"end":{"line":80,"column":11}},"29":{"start":{"line":79,"column":6},"end":{"line":79,"column":36}},"30":{"start":{"line":85,"column":2},"end":{"line":85,"column":59}},"31":{"start":{"line":85,"column":26},"end":{"line":85,"column":59}},"32":{"start":{"line":85,"column":52},"end":{"line":85,"column":57}},"33":{"start":{"line":86,"column":2},"end":{"line":86,"column":77}},"34":{"start":{"line":86,"column":32},"end":{"line":86,"column":77}},"35":{"start":{"line":86,"column":58},"end":{"line":86,"column":75}},"36":{"start":{"line":88,"column":2},"end":{"line":102,"column":5}},"37":{"start":{"line":89,"column":4},"end":{"line":101,"column":5}},"38":{"start":{"line":89,"column":17},"end":{"line":89,"column":18}},"39":{"start":{"line":90,"column":18},"end":{"line":90,"column":25}},"40":{"start":{"line":92,"column":20},"end":{"line":92,"column":36}},"41":{"start":{"line":93,"column":20},"end":{"line":93,"column":38}},"42":{"start":{"line":95,"column":6},"end":{"line":97,"column":7}},"43":{"start":{"line":96,"column":8},"end":{"line":96,"column":40}},"44":{"start":{"line":98,"column":6},"end":{"line":100,"column":7}},"45":{"start":{"line":99,"column":8},"end":{"line":99,"column":40}},"46":{"start":{"line":106,"column":2},"end":{"line":136,"column":5}},"47":{"start":{"line":107,"column":4},"end":{"line":135,"column":5}},"48":{"start":{"line":109,"column":8},"end":{"line":111,"column":11}},"49":{"start":{"line":110,"column":10},"end":{"line":110,"column":52}},"50":{"start":{"line":112,"column":8},"end":{"line":112,"column":20}},"51":{"start":{"line":115,"column":8},"end":{"line":117,"column":11}},"52":{"start":{"line":116,"column":10},"end":{"line":116,"column":37}},"53":{"start":{"line":118,"column":8},"end":{"line":118,"column":20}},"54":{"start":{"line":121,"column":8},"end":{"line":127,"column":13}},"55":{"start":{"line":123,"column":12},"end":{"line":123,"column":39}},"56":{"start":{"line":126,"column":12},"end":{"line":126,"column":31}},"57":{"start":{"line":128,"column":8},"end":{"line":128,"column":20}},"58":{"start":{"line":131,"column":8},"end":{"line":133,"column":11}},"59":{"start":{"line":132,"column":10},"end":{"line":132,"column":23}},"60":{"start":{"line":134,"column":8},"end":{"line":134,"column":20}},"61":{"start":{"line":137,"column":2},"end":{"line":137,"column":14}}},"fnMap":{"0":{"name":"mapTo","decl":{"start":{"line":1,"column":16},"end":{"line":1,"column":21}},"loc":{"start":{"line":1,"column":37},"end":{"line":15,"column":1}},"line":1},"1":{"name":"(anonymous_1)","decl":{"start":{"line":3,"column":19},"end":{"line":3,"column":20}},"loc":{"start":{"line":3,"column":33},"end":{"line":5,"column":5}},"line":3},"2":{"name":"(anonymous_2)","decl":{"start":{"line":7,"column":25},"end":{"line":7,"column":26}},"loc":{"start":{"line":7,"column":40},"end":{"line":12,"column":3}},"line":7},"3":{"name":"mapToProfile","decl":{"start":{"line":17,"column":16},"end":{"line":17,"column":28}},"loc":{"start":{"line":17,"column":34},"end":{"line":45,"column":1}},"line":17},"4":{"name":"(anonymous_4)","decl":{"start":{"line":18,"column":22},"end":{"line":18,"column":23}},"loc":{"start":{"line":18,"column":35},"end":{"line":42,"column":3}},"line":18},"5":{"name":"(anonymous_5)","decl":{"start":{"line":31,"column":15},"end":{"line":31,"column":16}},"loc":{"start":{"line":31,"column":27},"end":{"line":33,"column":11}},"line":31},"6":{"name":"(anonymous_6)","decl":{"start":{"line":36,"column":15},"end":{"line":36,"column":16}},"loc":{"start":{"line":36,"column":27},"end":{"line":38,"column":11}},"line":36},"7":{"name":"filterBy","decl":{"start":{"line":47,"column":16},"end":{"line":47,"column":24}},"loc":{"start":{"line":47,"column":40},"end":{"line":64,"column":1}},"line":47},"8":{"name":"(anonymous_8)","decl":{"start":{"line":49,"column":22},"end":{"line":49,"column":23}},"loc":{"start":{"line":49,"column":32},"end":{"line":51,"column":5}},"line":49},"9":{"name":"(anonymous_9)","decl":{"start":{"line":55,"column":22},"end":{"line":55,"column":23}},"loc":{"start":{"line":55,"column":32},"end":{"line":57,"column":5}},"line":55},"10":{"name":"(anonymous_10)","decl":{"start":{"line":59,"column":20},"end":{"line":59,"column":21}},"loc":{"start":{"line":59,"column":30},"end":{"line":63,"column":3}},"line":59},"11":{"name":"reduceTo","decl":{"start":{"line":66,"column":16},"end":{"line":66,"column":24}},"loc":{"start":{"line":66,"column":42},"end":{"line":82,"column":1}},"line":66},"12":{"name":"(anonymous_12)","decl":{"start":{"line":68,"column":22},"end":{"line":68,"column":23}},"loc":{"start":{"line":68,"column":38},"end":{"line":70,"column":5}},"line":68},"13":{"name":"(anonymous_13)","decl":{"start":{"line":73,"column":22},"end":{"line":73,"column":23}},"loc":{"start":{"line":73,"column":38},"end":{"line":75,"column":5}},"line":73},"14":{"name":"(anonymous_14)","decl":{"start":{"line":77,"column":24},"end":{"line":77,"column":25}},"loc":{"start":{"line":77,"column":32},"end":{"line":81,"column":3}},"line":77},"15":{"name":"(anonymous_15)","decl":{"start":{"line":78,"column":22},"end":{"line":78,"column":23}},"loc":{"start":{"line":78,"column":37},"end":{"line":80,"column":5}},"line":78},"16":{"name":"sort","decl":{"start":{"line":84,"column":16},"end":{"line":84,"column":20}},"loc":{"start":{"line":84,"column":32},"end":{"line":103,"column":1}},"line":84},"17":{"name":"(anonymous_17)","decl":{"start":{"line":85,"column":42},"end":{"line":85,"column":43}},"loc":{"start":{"line":85,"column":52},"end":{"line":85,"column":57}},"line":85},"18":{"name":"(anonymous_18)","decl":{"start":{"line":86,"column":48},"end":{"line":86,"column":49}},"loc":{"start":{"line":86,"column":58},"end":{"line":86,"column":75}},"line":86},"19":{"name":"(anonymous_19)","decl":{"start":{"line":88,"column":18},"end":{"line":88,"column":19}},"loc":{"start":{"line":88,"column":28},"end":{"line":102,"column":3}},"line":88},"20":{"name":"complex","decl":{"start":{"line":105,"column":16},"end":{"line":105,"column":23}},"loc":{"start":{"line":105,"column":37},"end":{"line":138,"column":1}},"line":105},"21":{"name":"(anonymous_21)","decl":{"start":{"line":106,"column":16},"end":{"line":106,"column":17}},"loc":{"start":{"line":106,"column":26},"end":{"line":136,"column":3}},"line":106},"22":{"name":"(anonymous_22)","decl":{"start":{"line":109,"column":27},"end":{"line":109,"column":28}},"loc":{"start":{"line":109,"column":37},"end":{"line":111,"column":9}},"line":109},"23":{"name":"(anonymous_23)","decl":{"start":{"line":115,"column":24},"end":{"line":115,"column":25}},"loc":{"start":{"line":115,"column":34},"end":{"line":117,"column":9}},"line":115},"24":{"name":"(anonymous_24)","decl":{"start":{"line":122,"column":15},"end":{"line":122,"column":16}},"loc":{"start":{"line":122,"column":25},"end":{"line":124,"column":11}},"line":122},"25":{"name":"(anonymous_25)","decl":{"start":{"line":125,"column":18},"end":{"line":125,"column":19}},"loc":{"start":{"line":125,"column":34},"end":{"line":127,"column":11}},"line":125},"26":{"name":"(anonymous_26)","decl":{"start":{"line":131,"column":25},"end":{"line":131,"column":26}},"loc":{"start":{"line":131,"column":35},"end":{"line":133,"column":9}},"line":131}},"branchMap":{"0":{"loc":{"start":{"line":2,"column":2},"end":{"line":6,"column":3}},"type":"if","locations":[{"start":{"line":2,"column":2},"end":{"line":6,"column":3}},{"start":{"line":2,"column":2},"end":{"line":6,"column":3}}],"line":2},"1":{"loc":{"start":{"line":8,"column":4},"end":{"line":10,"column":5}},"type":"if","locations":[{"start":{"line":8,"column":4},"end":{"line":10,"column":5}},{"start":{"line":8,"column":4},"end":{"line":10,"column":5}}],"line":8},"2":{"loc":{"start":{"line":21,"column":14},"end":{"line":21,"column":34}},"type":"binary-expr","locations":[{"start":{"line":21,"column":14},"end":{"line":21,"column":26}},{"start":{"line":21,"column":30},"end":{"line":21,"column":34}}],"line":21},"3":{"loc":{"start":{"line":22,"column":17},"end":{"line":22,"column":40}},"type":"binary-expr","locations":[{"start":{"line":22,"column":17},"end":{"line":22,"column":32}},{"start":{"line":22,"column":36},"end":{"line":22,"column":40}}],"line":22},"4":{"loc":{"start":{"line":24,"column":10},"end":{"line":26,"column":18}},"type":"cond-expr","locations":[{"start":{"line":25,"column":14},"end":{"line":25,"column":64}},{"start":{"line":26,"column":14},"end":{"line":26,"column":18}}],"line":24},"5":{"loc":{"start":{"line":24,"column":10},"end":{"line":24,"column":41}},"type":"binary-expr","locations":[{"start":{"line":24,"column":10},"end":{"line":24,"column":22}},{"start":{"line":24,"column":26},"end":{"line":24,"column":41}}],"line":24},"6":{"loc":{"start":{"line":25,"column":17},"end":{"line":25,"column":36}},"type":"binary-expr","locations":[{"start":{"line":25,"column":17},"end":{"line":25,"column":29}},{"start":{"line":25,"column":33},"end":{"line":25,"column":36}}],"line":25},"7":{"loc":{"start":{"line":25,"column":40},"end":{"line":25,"column":62}},"type":"binary-expr","locations":[{"start":{"line":25,"column":40},"end":{"line":25,"column":55}},{"start":{"line":25,"column":59},"end":{"line":25,"column":62}}],"line":25},"8":{"loc":{"start":{"line":27,"column":13},"end":{"line":27,"column":32}},"type":"binary-expr","locations":[{"start":{"line":27,"column":13},"end":{"line":27,"column":24}},{"start":{"line":27,"column":28},"end":{"line":27,"column":32}}],"line":27},"9":{"loc":{"start":{"line":48,"column":2},"end":{"line":52,"column":3}},"type":"if","locations":[{"start":{"line":48,"column":2},"end":{"line":52,"column":3}},{"start":{"line":48,"column":2},"end":{"line":52,"column":3}}],"line":48},"10":{"loc":{"start":{"line":54,"column":2},"end":{"line":58,"column":3}},"type":"if","locations":[{"start":{"line":54,"column":2},"end":{"line":58,"column":3}},{"start":{"line":54,"column":2},"end":{"line":58,"column":3}}],"line":54},"11":{"loc":{"start":{"line":61,"column":6},"end":{"line":61,"column":75}},"type":"binary-expr","locations":[{"start":{"line":61,"column":6},"end":{"line":61,"column":44}},{"start":{"line":61,"column":48},"end":{"line":61,"column":75}}],"line":61},"12":{"loc":{"start":{"line":67,"column":2},"end":{"line":71,"column":3}},"type":"if","locations":[{"start":{"line":67,"column":2},"end":{"line":71,"column":3}},{"start":{"line":67,"column":2},"end":{"line":71,"column":3}}],"line":67},"13":{"loc":{"start":{"line":72,"column":2},"end":{"line":76,"column":3}},"type":"if","locations":[{"start":{"line":72,"column":2},"end":{"line":76,"column":3}},{"start":{"line":72,"column":2},"end":{"line":76,"column":3}}],"line":72},"14":{"loc":{"start":{"line":85,"column":2},"end":{"line":85,"column":59}},"type":"if","locations":[{"start":{"line":85,"column":2},"end":{"line":85,"column":59}},{"start":{"line":85,"column":2},"end":{"line":85,"column":59}}],"line":85},"15":{"loc":{"start":{"line":86,"column":2},"end":{"line":86,"column":77}},"type":"if","locations":[{"start":{"line":86,"column":2},"end":{"line":86,"column":77}},{"start":{"line":86,"column":2},"end":{"line":86,"column":77}}],"line":86},"16":{"loc":{"start":{"line":92,"column":20},"end":{"line":92,"column":36}},"type":"binary-expr","locations":[{"start":{"line":92,"column":20},"end":{"line":92,"column":29}},{"start":{"line":92,"column":33},"end":{"line":92,"column":36}}],"line":92},"17":{"loc":{"start":{"line":93,"column":20},"end":{"line":93,"column":38}},"type":"binary-expr","locations":[{"start":{"line":93,"column":20},"end":{"line":93,"column":29}},{"start":{"line":93,"column":33},"end":{"line":93,"column":38}}],"line":93},"18":{"loc":{"start":{"line":95,"column":6},"end":{"line":97,"column":7}},"type":"if","locations":[{"start":{"line":95,"column":6},"end":{"line":97,"column":7}},{"start":{"line":95,"column":6},"end":{"line":97,"column":7}}],"line":95},"19":{"loc":{"start":{"line":96,"column":15},"end":{"line":96,"column":39}},"type":"cond-expr","locations":[{"start":{"line":96,"column":33},"end":{"line":96,"column":34}},{"start":{"line":96,"column":37},"end":{"line":96,"column":39}}],"line":96},"20":{"loc":{"start":{"line":98,"column":6},"end":{"line":100,"column":7}},"type":"if","locations":[{"start":{"line":98,"column":6},"end":{"line":100,"column":7}},{"start":{"line":98,"column":6},"end":{"line":100,"column":7}}],"line":98},"21":{"loc":{"start":{"line":99,"column":15},"end":{"line":99,"column":39}},"type":"cond-expr","locations":[{"start":{"line":99,"column":33},"end":{"line":99,"column":35}},{"start":{"line":99,"column":38},"end":{"line":99,"column":39}}],"line":99},"22":{"loc":{"start":{"line":107,"column":4},"end":{"line":135,"column":5}},"type":"switch","locations":[{"start":{"line":108,"column":6},"end":{"line":112,"column":20}},{"start":{"line":114,"column":6},"end":{"line":118,"column":20}},{"start":{"line":120,"column":6},"end":{"line":128,"column":20}},{"start":{"line":130,"column":6},"end":{"line":134,"column":20}}],"line":107}},"s":{"0":2,"1":1,"2":4,"3":1,"4":4,"5":3,"6":1,"7":1,"8":1,"9":5,"10":2,"11":3,"12":1,"13":3,"14":1,"15":4,"16":2,"17":1,"18":4,"19":1,"20":4,"21":3,"22":1,"23":3,"24":2,"25":1,"26":3,"27":1,"28":2,"29":6,"30":4,"31":1,"32":5,"33":3,"34":1,"35":5,"36":2,"37":22,"38":22,"39":27,"40":27,"41":27,"42":27,"43":10,"44":17,"45":12,"46":3,"47":7,"48":3,"49":18,"50":3,"51":2,"52":8,"53":2,"54":1,"55":3,"56":2,"57":1,"58":1,"59":7,"60":1,"61":3},"f":{"0":2,"1":4,"2":4,"3":1,"4":5,"5":2,"6":3,"7":3,"8":4,"9":4,"10":4,"11":3,"12":3,"13":3,"14":2,"15":6,"16":4,"17":5,"18":5,"19":22,"20":3,"21":7,"22":18,"23":8,"24":3,"25":2,"26":7},"b":{"0":[1,1],"1":[3,1],"2":[5,2],"3":[5,3],"4":[4,1],"5":[5,2],"6":[4,1],"7":[4,2],"8":[5,3],"9":[1,2],"10":[1,1],"11":[4,2],"12":[1,2],"13":[1,1],"14":[1,3],"15":[1,2],"16":[27,24],"17":[27,24],"18":[10,17],"19":[8,2],"20":[12,5],"21":[11,1],"22":[3,2,1,1]},"_coverageSchema":"1a1c01bbd47fc00a2c39e90264f33305004495a9","hash":"47e2222845d5a12dc1a0f5b3581312ec5e0547db"}
,"/Users/yuliia.resh/Documents/JS-tasks/JS-tasks/src/functions/functions.js": {"path":"/Users/yuliia.resh/Documents/JS-tasks/JS-tasks/src/functions/functions.js","statementMap":{"0":{"start":{"line":1,"column":23},"end":{"line":45,"column":4}},"1":{"start":{"line":2,"column":14},"end":{"line":2,"column":15}},"2":{"start":{"line":3,"column":17},"end":{"line":3,"column":19}},"3":{"start":{"line":5,"column":2},"end":{"line":44,"column":4}},"4":{"start":{"line":6,"column":4},"end":{"line":43,"column":5}},"5":{"start":{"line":7,"column":6},"end":{"line":7,"column":40}},"6":{"start":{"line":8,"column":6},"end":{"line":8,"column":21}},"7":{"start":{"line":9,"column":11},"end":{"line":43,"column":5}},"8":{"start":{"line":10,"column":6},"end":{"line":25,"column":7}},"9":{"start":{"line":11,"column":8},"end":{"line":11,"column":53}},"10":{"start":{"line":12,"column":8},"end":{"line":12,"column":17}},"11":{"start":{"line":15,"column":8},"end":{"line":23,"column":11}},"12":{"start":{"line":16,"column":10},"end":{"line":22,"column":11}},"13":{"start":{"line":17,"column":12},"end":{"line":17,"column":34}},"14":{"start":{"line":18,"column":17},"end":{"line":22,"column":11}},"15":{"start":{"line":19,"column":12},"end":{"line":19,"column":37}},"16":{"start":{"line":20,"column":12},"end":{"line":20,"column":30}},"17":{"start":{"line":21,"column":12},"end":{"line":21,"column":32}},"18":{"start":{"line":24,"column":8},"end":{"line":24,"column":19}},"19":{"start":{"line":27,"column":6},"end":{"line":42,"column":7}},"20":{"start":{"line":28,"column":8},"end":{"line":28,"column":58}},"21":{"start":{"line":29,"column":8},"end":{"line":29,"column":22}},"22":{"start":{"line":32,"column":8},"end":{"line":40,"column":11}},"23":{"start":{"line":33,"column":10},"end":{"line":39,"column":11}},"24":{"start":{"line":34,"column":12},"end":{"line":34,"column":34}},"25":{"start":{"line":35,"column":17},"end":{"line":39,"column":11}},"26":{"start":{"line":36,"column":12},"end":{"line":36,"column":37}},"27":{"start":{"line":37,"column":12},"end":{"line":37,"column":35}},"28":{"start":{"line":38,"column":12},"end":{"line":38,"column":32}},"29":{"start":{"line":41,"column":8},"end":{"line":41,"column":19}},"30":{"start":{"line":49,"column":2},"end":{"line":56,"column":3}},"31":{"start":{"line":50,"column":19},"end":{"line":50,"column":75}},"32":{"start":{"line":50,"column":55},"end":{"line":50,"column":74}},"33":{"start":{"line":51,"column":18},"end":{"line":54,"column":5}},"34":{"start":{"line":52,"column":6},"end":{"line":52,"column":48}},"35":{"start":{"line":52,"column":34},"end":{"line":52,"column":48}},"36":{"start":{"line":53,"column":6},"end":{"line":53,"column":55}},"37":{"start":{"line":55,"column":4},"end":{"line":55,"column":17}},"38":{"start":{"line":57,"column":2},"end":{"line":57,"column":14}},"39":{"start":{"line":62,"column":4},"end":{"line":62,"column":28}},"40":{"start":{"line":64,"column":4},"end":{"line":69,"column":7}},"41":{"start":{"line":66,"column":8},"end":{"line":66,"column":27}},"42":{"start":{"line":71,"column":4},"end":{"line":71,"column":59}},"43":{"start":{"line":73,"column":4},"end":{"line":77,"column":6}},"44":{"start":{"line":74,"column":6},"end":{"line":74,"column":29}},"45":{"start":{"line":75,"column":6},"end":{"line":75,"column":41}},"46":{"start":{"line":76,"column":6},"end":{"line":76,"column":66}},"47":{"start":{"line":78,"column":4},"end":{"line":82,"column":6}},"48":{"start":{"line":79,"column":6},"end":{"line":79,"column":34}},"49":{"start":{"line":80,"column":6},"end":{"line":80,"column":41}},"50":{"start":{"line":81,"column":6},"end":{"line":81,"column":66}},"51":{"start":{"line":83,"column":4},"end":{"line":87,"column":6}},"52":{"start":{"line":84,"column":6},"end":{"line":84,"column":34}},"53":{"start":{"line":85,"column":6},"end":{"line":85,"column":41}},"54":{"start":{"line":86,"column":6},"end":{"line":86,"column":66}},"55":{"start":{"line":88,"column":4},"end":{"line":92,"column":6}},"56":{"start":{"line":89,"column":6},"end":{"line":89,"column":32}},"57":{"start":{"line":90,"column":6},"end":{"line":90,"column":41}},"58":{"start":{"line":91,"column":6},"end":{"line":91,"column":66}},"59":{"start":{"line":95,"column":2},"end":{"line":95,"column":31}}},"fnMap":{"0":{"name":"(anonymous_0)","decl":{"start":{"line":1,"column":24},"end":{"line":1,"column":25}},"loc":{"start":{"line":1,"column":36},"end":{"line":45,"column":1}},"line":1},"1":{"name":"(anonymous_1)","decl":{"start":{"line":5,"column":9},"end":{"line":5,"column":10}},"loc":{"start":{"line":5,"column":35},"end":{"line":44,"column":3}},"line":5},"2":{"name":"(anonymous_2)","decl":{"start":{"line":15,"column":25},"end":{"line":15,"column":26}},"loc":{"start":{"line":15,"column":38},"end":{"line":23,"column":9}},"line":15},"3":{"name":"(anonymous_3)","decl":{"start":{"line":32,"column":25},"end":{"line":32,"column":26}},"loc":{"start":{"line":32,"column":38},"end":{"line":40,"column":9}},"line":32},"4":{"name":"callableMultiplier","decl":{"start":{"line":48,"column":16},"end":{"line":48,"column":34}},"loc":{"start":{"line":48,"column":44},"end":{"line":58,"column":1}},"line":48},"5":{"name":"(anonymous_5)","decl":{"start":{"line":50,"column":31},"end":{"line":50,"column":32}},"loc":{"start":{"line":50,"column":55},"end":{"line":50,"column":74}},"line":50},"6":{"name":"(anonymous_6)","decl":{"start":{"line":51,"column":18},"end":{"line":51,"column":19}},"loc":{"start":{"line":51,"column":36},"end":{"line":54,"column":5}},"line":51},"7":{"name":"createCalculator","decl":{"start":{"line":60,"column":16},"end":{"line":60,"column":32}},"loc":{"start":{"line":60,"column":40},"end":{"line":96,"column":1}},"line":60},"8":{"name":"Calculator","decl":{"start":{"line":61,"column":11},"end":{"line":61,"column":21}},"loc":{"start":{"line":61,"column":37},"end":{"line":93,"column":3}},"line":61},"9":{"name":"(anonymous_9)","decl":{"start":{"line":65,"column":11},"end":{"line":65,"column":12}},"loc":{"start":{"line":65,"column":23},"end":{"line":67,"column":7}},"line":65},"10":{"name":"(anonymous_10)","decl":{"start":{"line":68,"column":11},"end":{"line":68,"column":12}},"loc":{"start":{"line":68,"column":23},"end":{"line":68,"column":25}},"line":68},"11":{"name":"(anonymous_11)","decl":{"start":{"line":73,"column":15},"end":{"line":73,"column":16}},"loc":{"start":{"line":73,"column":33},"end":{"line":77,"column":5}},"line":73},"12":{"name":"(anonymous_12)","decl":{"start":{"line":78,"column":20},"end":{"line":78,"column":21}},"loc":{"start":{"line":78,"column":38},"end":{"line":82,"column":5}},"line":78},"13":{"name":"(anonymous_13)","decl":{"start":{"line":83,"column":20},"end":{"line":83,"column":21}},"loc":{"start":{"line":83,"column":38},"end":{"line":87,"column":5}},"line":83},"14":{"name":"(anonymous_14)","decl":{"start":{"line":88,"column":18},"end":{"line":88,"column":19}},"loc":{"start":{"line":88,"column":36},"end":{"line":92,"column":5}},"line":88}},"branchMap":{"0":{"loc":{"start":{"line":6,"column":4},"end":{"line":43,"column":5}},"type":"if","locations":[{"start":{"line":6,"column":4},"end":{"line":43,"column":5}},{"start":{"line":6,"column":4},"end":{"line":43,"column":5}}],"line":6},"1":{"loc":{"start":{"line":6,"column":8},"end":{"line":6,"column":58}},"type":"binary-expr","locations":[{"start":{"line":6,"column":8},"end":{"line":6,"column":34}},{"start":{"line":6,"column":38},"end":{"line":6,"column":58}}],"line":6},"2":{"loc":{"start":{"line":7,"column":6},"end":{"line":7,"column":39}},"type":"cond-expr","locations":[{"start":{"line":7,"column":16},"end":{"line":7,"column":30}},{"start":{"line":7,"column":34},"end":{"line":7,"column":39}}],"line":7},"3":{"loc":{"start":{"line":9,"column":11},"end":{"line":43,"column":5}},"type":"if","locations":[{"start":{"line":9,"column":11},"end":{"line":43,"column":5}},{"start":{"line":9,"column":11},"end":{"line":43,"column":5}}],"line":9},"4":{"loc":{"start":{"line":9,"column":15},"end":{"line":9,"column":65}},"type":"binary-expr","locations":[{"start":{"line":9,"column":15},"end":{"line":9,"column":41}},{"start":{"line":9,"column":45},"end":{"line":9,"column":65}}],"line":9},"5":{"loc":{"start":{"line":10,"column":6},"end":{"line":25,"column":7}},"type":"if","locations":[{"start":{"line":10,"column":6},"end":{"line":25,"column":7}},{"start":{"line":10,"column":6},"end":{"line":25,"column":7}}],"line":10},"6":{"loc":{"start":{"line":16,"column":10},"end":{"line":22,"column":11}},"type":"if","locations":[{"start":{"line":16,"column":10},"end":{"line":22,"column":11}},{"start":{"line":16,"column":10},"end":{"line":22,"column":11}}],"line":16},"7":{"loc":{"start":{"line":18,"column":17},"end":{"line":22,"column":11}},"type":"if","locations":[{"start":{"line":18,"column":17},"end":{"line":22,"column":11}},{"start":{"line":18,"column":17},"end":{"line":22,"column":11}}],"line":18},"8":{"loc":{"start":{"line":27,"column":6},"end":{"line":42,"column":7}},"type":"if","locations":[{"start":{"line":27,"column":6},"end":{"line":42,"column":7}},{"start":{"line":27,"column":6},"end":{"line":42,"column":7}}],"line":27},"9":{"loc":{"start":{"line":33,"column":10},"end":{"line":39,"column":11}},"type":"if","locations":[{"start":{"line":33,"column":10},"end":{"line":39,"column":11}},{"start":{"line":33,"column":10},"end":{"line":39,"column":11}}],"line":33},"10":{"loc":{"start":{"line":35,"column":17},"end":{"line":39,"column":11}},"type":"if","locations":[{"start":{"line":35,"column":17},"end":{"line":39,"column":11}},{"start":{"line":35,"column":17},"end":{"line":39,"column":11}}],"line":35},"11":{"loc":{"start":{"line":49,"column":2},"end":{"line":56,"column":3}},"type":"if","locations":[{"start":{"line":49,"column":2},"end":{"line":56,"column":3}},{"start":{"line":49,"column":2},"end":{"line":56,"column":3}}],"line":49},"12":{"loc":{"start":{"line":52,"column":6},"end":{"line":52,"column":48}},"type":"if","locations":[{"start":{"line":52,"column":6},"end":{"line":52,"column":48}},{"start":{"line":52,"column":6},"end":{"line":52,"column":48}}],"line":52},"13":{"loc":{"start":{"line":61,"column":22},"end":{"line":61,"column":35}},"type":"default-arg","locations":[{"start":{"line":61,"column":34},"end":{"line":61,"column":35}}],"line":61}},"s":{"0":1,"1":1,"2":1,"3":1,"4":17,"5":9,"6":9,"7":8,"8":6,"9":1,"10":1,"11":5,"12":5,"13":4,"14":1,"15":1,"16":1,"17":1,"18":5,"19":2,"20":0,"21":0,"22":2,"23":2,"24":0,"25":2,"26":2,"27":2,"28":2,"29":2,"30":13,"31":12,"32":28,"33":12,"34":12,"35":5,"36":7,"37":12,"38":1,"39":5,"40":5,"41":8,"42":5,"43":5,"44":2,"45":2,"46":2,"47":5,"48":1,"49":1,"50":1,"51":5,"52":1,"53":1,"54":1,"55":5,"56":1,"57":1,"58":1,"59":5},"f":{"0":1,"1":17,"2":5,"3":2,"4":13,"5":28,"6":12,"7":5,"8":5,"9":8,"10":1,"11":2,"12":1,"13":1,"14":1},"b":{"0":[9,8],"1":[17,11],"2":[3,6],"3":[6,2],"4":[8,6],"5":[1,5],"6":[4,1],"7":[1,0],"8":[0,2],"9":[0,2],"10":[2,0],"11":[12,1],"12":[5,7],"13":[2]},"_coverageSchema":"1a1c01bbd47fc00a2c39e90264f33305004495a9","hash":"dc0c7bf866c4bd81d328f5dc7cb4f0d62fdc4c3f"}
,"/Users/yuliia.resh/Documents/JS-tasks/JS-tasks/src/operators/operators.js": {"path":"/Users/yuliia.resh/Documents/JS-tasks/JS-tasks/src/operators/operators.js","statementMap":{"0":{"start":{"line":2,"column":2},"end":{"line":2,"column":67}},"1":{"start":{"line":6,"column":2},"end":{"line":6,"column":67}},"2":{"start":{"line":10,"column":18},"end":{"line":12,"column":4}},"3":{"start":{"line":11,"column":4},"end":{"line":11,"column":37}},"4":{"start":{"line":14,"column":19},"end":{"line":16,"column":4}},"5":{"start":{"line":15,"column":4},"end":{"line":15,"column":37}},"6":{"start":{"line":18,"column":2},"end":{"line":20,"column":3}},"7":{"start":{"line":19,"column":4},"end":{"line":19,"column":54}},"8":{"start":{"line":21,"column":2},"end":{"line":21,"column":14}}},"fnMap":{"0":{"name":"add","decl":{"start":{"line":1,"column":16},"end":{"line":1,"column":19}},"loc":{"start":{"line":1,"column":26},"end":{"line":3,"column":1}},"line":1},"1":{"name":"subtract","decl":{"start":{"line":5,"column":16},"end":{"line":5,"column":24}},"loc":{"start":{"line":5,"column":31},"end":{"line":7,"column":1}},"line":5},"2":{"name":"complex","decl":{"start":{"line":9,"column":16},"end":{"line":9,"column":23}},"loc":{"start":{"line":9,"column":36},"end":{"line":22,"column":1}},"line":9},"3":{"name":"(anonymous_3)","decl":{"start":{"line":10,"column":29},"end":{"line":10,"column":30}},"loc":{"start":{"line":10,"column":42},"end":{"line":12,"column":3}},"line":10},"4":{"name":"(anonymous_4)","decl":{"start":{"line":14,"column":30},"end":{"line":14,"column":31}},"loc":{"start":{"line":14,"column":43},"end":{"line":16,"column":3}},"line":14}},"branchMap":{"0":{"loc":{"start":{"line":2,"column":9},"end":{"line":2,"column":66}},"type":"cond-expr","locations":[{"start":{"line":2,"column":54},"end":{"line":2,"column":59}},{"start":{"line":2,"column":62},"end":{"line":2,"column":66}}],"line":2},"1":{"loc":{"start":{"line":2,"column":9},"end":{"line":2,"column":51}},"type":"binary-expr","locations":[{"start":{"line":2,"column":9},"end":{"line":2,"column":28}},{"start":{"line":2,"column":32},"end":{"line":2,"column":51}}],"line":2},"2":{"loc":{"start":{"line":6,"column":9},"end":{"line":6,"column":66}},"type":"cond-expr","locations":[{"start":{"line":6,"column":54},"end":{"line":6,"column":59}},{"start":{"line":6,"column":62},"end":{"line":6,"column":66}}],"line":6},"3":{"loc":{"start":{"line":6,"column":9},"end":{"line":6,"column":51}},"type":"binary-expr","locations":[{"start":{"line":6,"column":9},"end":{"line":6,"column":28}},{"start":{"line":6,"column":32},"end":{"line":6,"column":51}}],"line":6},"4":{"loc":{"start":{"line":18,"column":2},"end":{"line":20,"column":3}},"type":"if","locations":[{"start":{"line":18,"column":2},"end":{"line":20,"column":3}},{"start":{"line":18,"column":2},"end":{"line":20,"column":3}}],"line":18},"5":{"loc":{"start":{"line":18,"column":6},"end":{"line":18,"column":29}},"type":"binary-expr","locations":[{"start":{"line":18,"column":6},"end":{"line":18,"column":15}},{"start":{"line":18,"column":19},"end":{"line":18,"column":29}}],"line":18}},"s":{"0":7,"1":5,"2":7,"3":12,"4":7,"5":11,"6":7,"7":3,"8":4},"f":{"0":7,"1":5,"2":7,"3":12,"4":11},"b":{"0":[2,5],"1":[7,2],"2":[1,4],"3":[5,4],"4":[3,4],"5":[7,4]},"_coverageSchema":"1a1c01bbd47fc00a2c39e90264f33305004495a9","hash":"b1b12636134e20a10a7c18d37638274bc88bb5d5"}
}
