TN:
SF:src/arrays/arrays.js
FN:1,mapTo
FN:3,(anonymous_1)
FN:7,(anonymous_2)
FN:11,(anonymous_3)
FN:17,mapToProfile
FN:18,(anonymous_5)
FN:31,(anonymous_6)
FN:36,(anonymous_7)
FN:47,filterBy
FN:49,(anonymous_9)
FN:53,(anonymous_10)
FN:57,(anonymous_11)
FN:65,reduceTo
FN:67,(anonymous_13)
FN:71,(anonymous_14)
FN:74,(anonymous_15)
FN:78,(anonymous_16)
FN:79,(anonymous_17)
FN:84,(anonymous_18)
FN:85,(anonymous_19)
FN:92,sort
FN:93,(anonymous_21)
FN:94,(anonymous_22)
FN:96,(anonymous_23)
FN:106,(anonymous_24)
FN:118,complex
FN:119,(anonymous_26)
FN:121,(anonymous_27)
FN:126,(anonymous_28)
FN:132,(anonymous_29)
FN:135,(anonymous_30)
FN:140,(anonymous_31)
FNF:32
FNH:31
FNDA:2,mapTo
FNDA:4,(anonymous_1)
FNDA:4,(anonymous_2)
FNDA:3,(anonymous_3)
FNDA:1,mapToProfile
FNDA:5,(anonymous_5)
FNDA:2,(anonymous_6)
FNDA:3,(anonymous_7)
FNDA:3,filterBy
FNDA:4,(anonymous_9)
FNDA:4,(anonymous_10)
FNDA:4,(anonymous_11)
FNDA:3,reduceTo
FNDA:3,(anonymous_13)
FNDA:3,(anonymous_14)
FNDA:2,(anonymous_15)
FNDA:2,(anonymous_16)
FNDA:6,(anonymous_17)
FNDA:2,(anonymous_18)
FNDA:4,(anonymous_19)
FNDA:4,sort
FNDA:5,(anonymous_21)
FNDA:5,(anonymous_22)
FNDA:21,(anonymous_23)
FNDA:0,(anonymous_24)
FNDA:3,complex
FNDA:7,(anonymous_26)
FNDA:18,(anonymous_27)
FNDA:8,(anonymous_28)
FNDA:3,(anonymous_29)
FNDA:2,(anonymous_30)
FNDA:7,(anonymous_31)
DA:2,2
DA:3,1
DA:4,4
DA:7,1
DA:8,4
DA:11,1
DA:12,3
DA:18,1
DA:19,5
DA:32,2
DA:37,3
DA:44,1
DA:48,3
DA:49,1
DA:50,4
DA:52,2
DA:53,1
DA:54,4
DA:57,1
DA:58,4
DA:66,3
DA:67,1
DA:68,3
DA:70,2
DA:71,1
DA:72,3
DA:74,1
DA:75,2
DA:78,1
DA:79,2
DA:80,6
DA:84,1
DA:85,2
DA:86,4
DA:93,5
DA:94,5
DA:95,2
DA:96,2
DA:97,21
DA:98,4
DA:99,4
DA:100,2
DA:102,17
DA:103,9
DA:106,0
DA:107,0
DA:108,0
DA:109,0
DA:110,0
DA:112,0
DA:113,0
DA:119,3
DA:120,7
DA:121,3
DA:122,18
DA:124,3
DA:125,4
DA:126,2
DA:127,8
DA:129,2
DA:130,2
DA:131,1
DA:133,3
DA:136,2
DA:138,1
DA:139,1
DA:140,1
DA:141,7
DA:143,1
DA:146,3
LF:70
LH:63
BRDA:2,0,0,1
BRDA:2,0,1,1
BRDA:21,1,0,5
BRDA:21,1,1,2
BRDA:22,2,0,5
BRDA:22,2,1,3
BRDA:24,3,0,4
BRDA:24,3,1,1
BRDA:24,4,0,5
BRDA:24,4,1,2
BRDA:25,5,0,4
BRDA:25,5,1,1
BRDA:25,6,0,4
BRDA:25,6,1,2
BRDA:27,7,0,5
BRDA:27,7,1,3
BRDA:48,8,0,1
BRDA:48,8,1,2
BRDA:52,9,0,1
BRDA:52,9,1,1
BRDA:59,10,0,4
BRDA:59,10,1,2
BRDA:66,11,0,1
BRDA:66,11,1,2
BRDA:70,12,0,1
BRDA:70,12,1,1
BRDA:93,13,0,1
BRDA:93,13,1,3
BRDA:94,14,0,1
BRDA:94,14,1,2
BRDA:95,15,0,2
BRDA:95,15,1,0
BRDA:97,16,0,4
BRDA:97,16,1,17
BRDA:98,17,0,0
BRDA:98,17,1,4
BRDA:99,18,0,2
BRDA:99,18,1,2
BRDA:100,19,0,2
BRDA:100,19,1,0
BRDA:102,20,0,8
BRDA:102,20,1,9
BRDA:103,21,0,9
BRDA:103,21,1,0
BRDA:107,22,0,0
BRDA:107,22,1,0
BRDA:108,23,0,0
BRDA:108,23,1,0
BRDA:109,24,0,0
BRDA:109,24,1,0
BRDA:112,25,0,0
BRDA:112,25,1,0
BRDA:113,26,0,0
BRDA:113,26,1,0
BRDA:120,27,0,3
BRDA:120,27,1,4
BRDA:125,28,0,2
BRDA:125,28,1,2
BRDA:130,29,0,1
BRDA:130,29,1,1
BRDA:139,30,0,1
BRDA:139,30,1,0
BRF:62
BRH:47
end_of_record
TN:
SF:src/functions/functions.js
FN:4,counter
FN:14,(anonymous_1)
FN:31,(anonymous_2)
FN:45,createCalculator
FN:51,callableMultiplier
FN:53,(anonymous_5)
FNF:6
FNH:6
FNDA:18,counter
FNDA:5,(anonymous_1)
FNDA:2,(anonymous_2)
FNDA:5,createCalculator
FNDA:6,callableMultiplier
FNDA:3,(anonymous_5)
DA:1,1
DA:2,1
DA:5,18
DA:6,10
DA:7,10
DA:8,8
DA:9,6
DA:10,1
DA:11,1
DA:14,5
DA:15,5
DA:16,4
DA:17,1
DA:18,1
DA:19,1
DA:20,1
DA:23,5
DA:26,2
DA:27,0
DA:28,0
DA:31,2
DA:32,2
DA:33,0
DA:34,2
DA:35,2
DA:36,2
DA:37,2
DA:40,2
DA:47,5
DA:52,6
DA:54,3
LF:31
LH:28
BRDA:5,0,0,10
BRDA:5,0,1,8
BRDA:5,1,0,18
BRDA:5,1,1,12
BRDA:6,2,0,4
BRDA:6,2,1,6
BRDA:8,3,0,6
BRDA:8,3,1,2
BRDA:8,4,0,8
BRDA:8,4,1,6
BRDA:9,5,0,1
BRDA:9,5,1,5
BRDA:15,6,0,4
BRDA:15,6,1,1
BRDA:17,7,0,1
BRDA:17,7,1,0
BRDA:26,8,0,0
BRDA:26,8,1,2
BRDA:32,9,0,0
BRDA:32,9,1,2
BRDA:34,10,0,2
BRDA:34,10,1,0
BRDA:52,11,0,6
BRDA:52,11,1,0
BRDA:56,12,0,0
BRDA:56,12,1,0
BRF:26
BRH:19
end_of_record
TN:
SF:src/operators/operators.js
FN:1,add
FN:7,subtract
FN:15,complex
FN:16,(anonymous_3)
FN:20,(anonymous_4)
FNF:5
FNH:5
FNDA:7,add
FNDA:5,subtract
FNDA:7,complex
FNDA:12,(anonymous_3)
FNDA:11,(anonymous_4)
DA:2,7
DA:3,2
DA:4,5
DA:8,5
DA:9,1
DA:10,4
DA:16,7
DA:17,12
DA:20,7
DA:21,11
DA:24,7
DA:25,3
DA:26,4
LF:13
LH:13
BRDA:2,0,0,2
BRDA:2,0,1,5
BRDA:2,1,0,7
BRDA:2,1,1,2
BRDA:8,2,0,1
BRDA:8,2,1,4
BRDA:8,3,0,5
BRDA:8,3,1,4
BRDA:24,4,0,3
BRDA:24,4,1,4
BRDA:24,5,0,7
BRDA:24,5,1,4
BRF:12
BRH:12
end_of_record
