TN:
SF:src/arrays/arrays.js
FN:1,mapTo
FN:3,(anonymous_1)
FN:7,(anonymous_2)
FN:17,mapToProfile
FN:18,(anonymous_4)
FN:31,(anonymous_5)
FN:36,(anonymous_6)
FN:47,filterBy
FN:49,(anonymous_8)
FN:55,(anonymous_9)
FN:59,(anonymous_10)
FN:66,reduceTo
FN:68,(anonymous_12)
FN:73,(anonymous_13)
FN:77,(anonymous_14)
FN:78,(anonymous_15)
FN:84,sort
FN:85,(anonymous_17)
FN:86,(anonymous_18)
FN:88,(anonymous_19)
FN:105,complex
FN:106,(anonymous_21)
FN:109,(anonymous_22)
FN:115,(anonymous_23)
FN:122,(anonymous_24)
FN:125,(anonymous_25)
FN:131,(anonymous_26)
FNF:27
FNH:27
FNDA:2,mapTo
FNDA:4,(anonymous_1)
FNDA:4,(anonymous_2)
FNDA:1,mapToProfile
FNDA:5,(anonymous_4)
FNDA:2,(anonymous_5)
FNDA:3,(anonymous_6)
FNDA:3,filterBy
FNDA:4,(anonymous_8)
FNDA:4,(anonymous_9)
FNDA:4,(anonymous_10)
FNDA:3,reduceTo
FNDA:3,(anonymous_12)
FNDA:3,(anonymous_13)
FNDA:2,(anonymous_14)
FNDA:6,(anonymous_15)
FNDA:4,sort
FNDA:5,(anonymous_17)
FNDA:5,(anonymous_18)
FNDA:22,(anonymous_19)
FNDA:3,complex
FNDA:7,(anonymous_21)
FNDA:18,(anonymous_22)
FNDA:8,(anonymous_23)
FNDA:3,(anonymous_24)
FNDA:2,(anonymous_25)
FNDA:7,(anonymous_26)
DA:2,2
DA:3,1
DA:4,4
DA:7,1
DA:8,4
DA:9,3
DA:11,1
DA:14,1
DA:18,1
DA:19,5
DA:32,2
DA:37,3
DA:44,1
DA:48,3
DA:49,1
DA:50,4
DA:54,2
DA:55,1
DA:56,4
DA:59,1
DA:60,4
DA:67,3
DA:68,1
DA:69,3
DA:72,2
DA:73,1
DA:74,3
DA:77,1
DA:78,2
DA:79,6
DA:85,5
DA:86,5
DA:88,2
DA:89,22
DA:90,27
DA:92,27
DA:93,27
DA:95,27
DA:96,10
DA:98,17
DA:99,12
DA:106,3
DA:107,7
DA:109,3
DA:110,18
DA:112,3
DA:115,2
DA:116,8
DA:118,2
DA:121,1
DA:123,3
DA:126,2
DA:128,1
DA:131,1
DA:132,7
DA:134,1
DA:137,3
LF:57
LH:57
BRDA:2,0,0,1
BRDA:2,0,1,1
BRDA:8,1,0,3
BRDA:8,1,1,1
BRDA:21,2,0,5
BRDA:21,2,1,2
BRDA:22,3,0,5
BRDA:22,3,1,3
BRDA:24,4,0,4
BRDA:24,4,1,1
BRDA:24,5,0,5
BRDA:24,5,1,2
BRDA:25,6,0,4
BRDA:25,6,1,1
BRDA:25,7,0,4
BRDA:25,7,1,2
BRDA:27,8,0,5
BRDA:27,8,1,3
BRDA:48,9,0,1
BRDA:48,9,1,2
BRDA:54,10,0,1
BRDA:54,10,1,1
BRDA:61,11,0,4
BRDA:61,11,1,2
BRDA:67,12,0,1
BRDA:67,12,1,2
BRDA:72,13,0,1
BRDA:72,13,1,1
BRDA:85,14,0,1
BRDA:85,14,1,3
BRDA:86,15,0,1
BRDA:86,15,1,2
BRDA:92,16,0,27
BRDA:92,16,1,24
BRDA:93,17,0,27
BRDA:93,17,1,24
BRDA:95,18,0,10
BRDA:95,18,1,17
BRDA:96,19,0,8
BRDA:96,19,1,2
BRDA:98,20,0,12
BRDA:98,20,1,5
BRDA:99,21,0,11
BRDA:99,21,1,1
BRDA:107,22,0,3
BRDA:107,22,1,2
BRDA:107,22,2,1
BRDA:107,22,3,1
BRF:48
BRH:48
end_of_record
TN:
SF:src/functions/functions.js
FN:1,(anonymous_0)
FN:5,(anonymous_1)
FN:15,(anonymous_2)
FN:32,(anonymous_3)
FN:48,callableMultiplier
FN:50,(anonymous_5)
FN:51,(anonymous_6)
FN:60,createCalculator
FN:61,Calculator
FN:65,(anonymous_9)
FN:68,(anonymous_10)
FN:73,(anonymous_11)
FN:78,(anonymous_12)
FN:83,(anonymous_13)
FN:88,(anonymous_14)
FNF:15
FNH:15
FNDA:1,(anonymous_0)
FNDA:17,(anonymous_1)
FNDA:5,(anonymous_2)
FNDA:2,(anonymous_3)
FNDA:13,callableMultiplier
FNDA:28,(anonymous_5)
FNDA:12,(anonymous_6)
FNDA:5,createCalculator
FNDA:5,Calculator
FNDA:8,(anonymous_9)
FNDA:1,(anonymous_10)
FNDA:2,(anonymous_11)
FNDA:1,(anonymous_12)
FNDA:1,(anonymous_13)
FNDA:1,(anonymous_14)
DA:1,1
DA:2,1
DA:3,1
DA:5,1
DA:6,17
DA:7,9
DA:8,9
DA:9,8
DA:10,6
DA:11,1
DA:12,1
DA:15,5
DA:16,5
DA:17,4
DA:18,1
DA:19,1
DA:20,1
DA:21,1
DA:24,5
DA:27,2
DA:28,0
DA:29,0
DA:32,2
DA:33,2
DA:34,0
DA:35,2
DA:36,2
DA:37,2
DA:38,2
DA:41,2
DA:49,13
DA:50,28
DA:51,12
DA:52,12
DA:53,7
DA:55,12
DA:57,1
DA:62,5
DA:64,5
DA:66,8
DA:71,5
DA:73,5
DA:74,2
DA:75,2
DA:76,2
DA:78,5
DA:79,1
DA:80,1
DA:81,1
DA:83,5
DA:84,1
DA:85,1
DA:86,1
DA:88,5
DA:89,1
DA:90,1
DA:91,1
DA:95,5
LF:58
LH:55
BRDA:6,0,0,9
BRDA:6,0,1,8
BRDA:6,1,0,17
BRDA:6,1,1,11
BRDA:7,2,0,3
BRDA:7,2,1,6
BRDA:9,3,0,6
BRDA:9,3,1,2
BRDA:9,4,0,8
BRDA:9,4,1,6
BRDA:10,5,0,1
BRDA:10,5,1,5
BRDA:16,6,0,4
BRDA:16,6,1,1
BRDA:18,7,0,1
BRDA:18,7,1,0
BRDA:27,8,0,0
BRDA:27,8,1,2
BRDA:33,9,0,0
BRDA:33,9,1,2
BRDA:35,10,0,2
BRDA:35,10,1,0
BRDA:49,11,0,12
BRDA:49,11,1,1
BRDA:52,12,0,5
BRDA:52,12,1,7
BRDA:61,13,0,2
BRF:27
BRH:23
end_of_record
TN:
SF:src/operators/operators.js
FN:1,add
FN:5,subtract
FN:9,complex
FN:10,(anonymous_3)
FN:14,(anonymous_4)
FNF:5
FNH:5
FNDA:7,add
FNDA:5,subtract
FNDA:7,complex
FNDA:12,(anonymous_3)
FNDA:11,(anonymous_4)
DA:2,7
DA:6,5
DA:10,7
DA:11,12
DA:14,7
DA:15,11
DA:18,7
DA:19,3
DA:21,4
LF:9
LH:9
BRDA:2,0,0,2
BRDA:2,0,1,5
BRDA:2,1,0,7
BRDA:2,1,1,2
BRDA:6,2,0,1
BRDA:6,2,1,4
BRDA:6,3,0,5
BRDA:6,3,1,4
BRDA:18,4,0,3
BRDA:18,4,1,4
BRDA:18,5,0,7
BRDA:18,5,1,4
BRF:12
BRH:12
end_of_record
